<?xml version="1.0" encoding="UTF-8"?>
<!-- Generated by org.testng.reporters.JUnitReportReporter -->
<testsuite hostname="DEITY-3015A-103" name="test.testappandroid" tests="1" failures="0" timestamp="11 Dec 2015 08:07:39 GMT" time="0.000" errors="0">
  <testcase name="testcase_init" time="0.000" classname="test.testappandroid"/>
</testsuite> <!-- test.testappandroid -->
